Starting Spark Structured Streaming metadata ingestion.
Keep this terminal running while Terminal 2 publishes parser events.
Press Ctrl+C to stop Spark.
Log file: outputs/demo_logs/terminal_1_spark_20260705_123324.log

Keep Spark running through modified-file replay so MongoDB upsert can be verified.
Stop it with Ctrl+C only after Terminal 2 has captured its final checks.
26/07/05 12:33:25 WARN Utils: Your hostname, macht-Inspiron-15-3520 resolves to a loopback address: 127.0.1.1; using 192.168.100.45 instead (on interface wlp0s20f3)
26/07/05 12:33:25 WARN Utils: Set SPARK_LOCAL_IP if you need to bind to another address
:: loading settings :: url = jar:file:/home/macht/Dev/HCMUS/Streaming/.venv/lib/python3.12/site-packages/pyspark/jars/ivy-2.5.1.jar!/org/apache/ivy/core/settings/ivysettings.xml
Ivy Default Cache set to: /home/macht/.ivy2/cache
The jars for the packages stored in: /home/macht/.ivy2/jars
org.apache.spark#spark-sql-kafka-0-10_2.12 added as a dependency
org.mongodb.spark#mongo-spark-connector_2.12 added as a dependency
:: resolving dependencies :: org.apache.spark#spark-submit-parent-16c5adfe-9595-4c89-ae53-09d951394eef;1.0
	confs: [default]
	found org.apache.spark#spark-sql-kafka-0-10_2.12;3.5.1 in central
	found org.apache.spark#spark-token-provider-kafka-0-10_2.12;3.5.1 in central
	found org.apache.kafka#kafka-clients;3.4.1 in central
	found org.lz4#lz4-java;1.8.0 in central
	found org.xerial.snappy#snappy-java;1.1.10.3 in central
	found org.slf4j#slf4j-api;2.0.7 in central
	found org.apache.hadoop#hadoop-client-runtime;3.3.4 in central
	found org.apache.hadoop#hadoop-client-api;3.3.4 in central
	found commons-logging#commons-logging;1.1.3 in central
	found com.google.code.findbugs#jsr305;3.0.0 in central
	found org.apache.commons#commons-pool2;2.11.1 in central
	found org.mongodb.spark#mongo-spark-connector_2.12;10.3.0 in central
	found org.mongodb#mongodb-driver-sync;4.8.2 in central
	[4.8.2] org.mongodb#mongodb-driver-sync;[4.8.1,4.8.99)
	found org.mongodb#bson;4.8.2 in central
	found org.mongodb#mongodb-driver-core;4.8.2 in central
	found org.mongodb#bson-record-codec;4.8.2 in central
:: resolution report :: resolve 3419ms :: artifacts dl 12ms
	:: modules in use:
	com.google.code.findbugs#jsr305;3.0.0 from central in [default]
	commons-logging#commons-logging;1.1.3 from central in [default]
	org.apache.commons#commons-pool2;2.11.1 from central in [default]
	org.apache.hadoop#hadoop-client-api;3.3.4 from central in [default]
	org.apache.hadoop#hadoop-client-runtime;3.3.4 from central in [default]
	org.apache.kafka#kafka-clients;3.4.1 from central in [default]
	org.apache.spark#spark-sql-kafka-0-10_2.12;3.5.1 from central in [default]
	org.apache.spark#spark-token-provider-kafka-0-10_2.12;3.5.1 from central in [default]
	org.lz4#lz4-java;1.8.0 from central in [default]
	org.mongodb#bson;4.8.2 from central in [default]
	org.mongodb#bson-record-codec;4.8.2 from central in [default]
	org.mongodb#mongodb-driver-core;4.8.2 from central in [default]
	org.mongodb#mongodb-driver-sync;4.8.2 from central in [default]
	org.mongodb.spark#mongo-spark-connector_2.12;10.3.0 from central in [default]
	org.slf4j#slf4j-api;2.0.7 from central in [default]
	org.xerial.snappy#snappy-java;1.1.10.3 from central in [default]
	---------------------------------------------------------------------
	|                  |            modules            ||   artifacts   |
	|       conf       | number| search|dwnlded|evicted|| number|dwnlded|
	---------------------------------------------------------------------
	|      default     |   16  |   1   |   0   |   0   ||   16  |   0   |
	---------------------------------------------------------------------
:: retrieving :: org.apache.spark#spark-submit-parent-16c5adfe-9595-4c89-ae53-09d951394eef
	confs: [default]
	0 artifacts copied, 16 already retrieved (0kB/5ms)
26/07/05 12:33:29 WARN NativeCodeLoader: Unable to load native-hadoop library for your platform... using builtin-java classes where applicable
26/07/05 12:33:30 INFO SparkContext: Running Spark version 3.5.1
26/07/05 12:33:30 INFO SparkContext: OS info Linux, 7.0.0-27-generic, amd64
26/07/05 12:33:30 INFO SparkContext: Java version 17.0.19
26/07/05 12:33:30 INFO ResourceUtils: ==============================================================
26/07/05 12:33:30 INFO ResourceUtils: No custom resources configured for spark.driver.
26/07/05 12:33:30 INFO ResourceUtils: ==============================================================
26/07/05 12:33:30 INFO SparkContext: Submitted application: CPGMetadataToMongoDB
26/07/05 12:33:30 INFO ResourceProfile: Default ResourceProfile created, executor resources: Map(cores -> name: cores, amount: 1, script: , vendor: , memory -> name: memory, amount: 1024, script: , vendor: , offHeap -> name: offHeap, amount: 0, script: , vendor: ), task resources: Map(cpus -> name: cpus, amount: 1.0)
26/07/05 12:33:30 INFO ResourceProfile: Limiting resource is cpu
26/07/05 12:33:30 INFO ResourceProfileManager: Added ResourceProfile id: 0
26/07/05 12:33:30 INFO SecurityManager: Changing view acls to: macht
26/07/05 12:33:30 INFO SecurityManager: Changing modify acls to: macht
26/07/05 12:33:30 INFO SecurityManager: Changing view acls groups to: 
26/07/05 12:33:30 INFO SecurityManager: Changing modify acls groups to: 
26/07/05 12:33:30 INFO SecurityManager: SecurityManager: authentication disabled; ui acls disabled; users with view permissions: macht; groups with view permissions: EMPTY; users with modify permissions: macht; groups with modify permissions: EMPTY
26/07/05 12:33:30 INFO Utils: Successfully started service 'sparkDriver' on port 46535.
26/07/05 12:33:30 INFO SparkEnv: Registering MapOutputTracker
26/07/05 12:33:30 INFO SparkEnv: Registering BlockManagerMaster
26/07/05 12:33:30 INFO BlockManagerMasterEndpoint: Using org.apache.spark.storage.DefaultTopologyMapper for getting topology information
26/07/05 12:33:30 INFO BlockManagerMasterEndpoint: BlockManagerMasterEndpoint up
26/07/05 12:33:30 INFO SparkEnv: Registering BlockManagerMasterHeartbeat
26/07/05 12:33:30 INFO DiskBlockManager: Created local directory at /tmp/blockmgr-0ee08757-be16-44f7-a632-737c12c6101d
26/07/05 12:33:30 INFO MemoryStore: MemoryStore started with capacity 434.4 MiB
26/07/05 12:33:30 INFO SparkEnv: Registering OutputCommitCoordinator
26/07/05 12:33:30 INFO JettyUtils: Start Jetty 0.0.0.0:4040 for SparkUI
26/07/05 12:33:31 INFO Utils: Successfully started service 'SparkUI' on port 4040.
26/07/05 12:33:31 INFO SparkContext: Added JAR file:///home/macht/.ivy2/jars/org.apache.spark_spark-sql-kafka-0-10_2.12-3.5.1.jar at spark://macht-Inspiron-15-3520.lan:46535/jars/org.apache.spark_spark-sql-kafka-0-10_2.12-3.5.1.jar with timestamp 1783229610326
26/07/05 12:33:31 INFO SparkContext: Added JAR file:///home/macht/.ivy2/jars/org.mongodb.spark_mongo-spark-connector_2.12-10.3.0.jar at spark://macht-Inspiron-15-3520.lan:46535/jars/org.mongodb.spark_mongo-spark-connector_2.12-10.3.0.jar with timestamp 1783229610326
26/07/05 12:33:31 INFO SparkContext: Added JAR file:///home/macht/.ivy2/jars/org.apache.spark_spark-token-provider-kafka-0-10_2.12-3.5.1.jar at spark://macht-Inspiron-15-3520.lan:46535/jars/org.apache.spark_spark-token-provider-kafka-0-10_2.12-3.5.1.jar with timestamp 1783229610326
26/07/05 12:33:31 INFO SparkContext: Added JAR file:///home/macht/.ivy2/jars/org.apache.kafka_kafka-clients-3.4.1.jar at spark://macht-Inspiron-15-3520.lan:46535/jars/org.apache.kafka_kafka-clients-3.4.1.jar with timestamp 1783229610326
26/07/05 12:33:31 INFO SparkContext: Added JAR file:///home/macht/.ivy2/jars/com.google.code.findbugs_jsr305-3.0.0.jar at spark://macht-Inspiron-15-3520.lan:46535/jars/com.google.code.findbugs_jsr305-3.0.0.jar with timestamp 1783229610326
26/07/05 12:33:31 INFO SparkContext: Added JAR file:///home/macht/.ivy2/jars/org.apache.commons_commons-pool2-2.11.1.jar at spark://macht-Inspiron-15-3520.lan:46535/jars/org.apache.commons_commons-pool2-2.11.1.jar with timestamp 1783229610326
26/07/05 12:33:31 INFO SparkContext: Added JAR file:///home/macht/.ivy2/jars/org.apache.hadoop_hadoop-client-runtime-3.3.4.jar at spark://macht-Inspiron-15-3520.lan:46535/jars/org.apache.hadoop_hadoop-client-runtime-3.3.4.jar with timestamp 1783229610326
26/07/05 12:33:31 INFO SparkContext: Added JAR file:///home/macht/.ivy2/jars/org.lz4_lz4-java-1.8.0.jar at spark://macht-Inspiron-15-3520.lan:46535/jars/org.lz4_lz4-java-1.8.0.jar with timestamp 1783229610326
26/07/05 12:33:31 INFO SparkContext: Added JAR file:///home/macht/.ivy2/jars/org.xerial.snappy_snappy-java-1.1.10.3.jar at spark://macht-Inspiron-15-3520.lan:46535/jars/org.xerial.snappy_snappy-java-1.1.10.3.jar with timestamp 1783229610326
26/07/05 12:33:31 INFO SparkContext: Added JAR file:///home/macht/.ivy2/jars/org.slf4j_slf4j-api-2.0.7.jar at spark://macht-Inspiron-15-3520.lan:46535/jars/org.slf4j_slf4j-api-2.0.7.jar with timestamp 1783229610326
26/07/05 12:33:31 INFO SparkContext: Added JAR file:///home/macht/.ivy2/jars/org.apache.hadoop_hadoop-client-api-3.3.4.jar at spark://macht-Inspiron-15-3520.lan:46535/jars/org.apache.hadoop_hadoop-client-api-3.3.4.jar with timestamp 1783229610326
26/07/05 12:33:31 INFO SparkContext: Added JAR file:///home/macht/.ivy2/jars/commons-logging_commons-logging-1.1.3.jar at spark://macht-Inspiron-15-3520.lan:46535/jars/commons-logging_commons-logging-1.1.3.jar with timestamp 1783229610326
26/07/05 12:33:31 INFO SparkContext: Added JAR file:///home/macht/.ivy2/jars/org.mongodb_mongodb-driver-sync-4.8.2.jar at spark://macht-Inspiron-15-3520.lan:46535/jars/org.mongodb_mongodb-driver-sync-4.8.2.jar with timestamp 1783229610326
26/07/05 12:33:31 INFO SparkContext: Added JAR file:///home/macht/.ivy2/jars/org.mongodb_bson-4.8.2.jar at spark://macht-Inspiron-15-3520.lan:46535/jars/org.mongodb_bson-4.8.2.jar with timestamp 1783229610326
26/07/05 12:33:31 INFO SparkContext: Added JAR file:///home/macht/.ivy2/jars/org.mongodb_mongodb-driver-core-4.8.2.jar at spark://macht-Inspiron-15-3520.lan:46535/jars/org.mongodb_mongodb-driver-core-4.8.2.jar with timestamp 1783229610326
26/07/05 12:33:31 INFO SparkContext: Added JAR file:///home/macht/.ivy2/jars/org.mongodb_bson-record-codec-4.8.2.jar at spark://macht-Inspiron-15-3520.lan:46535/jars/org.mongodb_bson-record-codec-4.8.2.jar with timestamp 1783229610326
26/07/05 12:33:31 INFO SparkContext: Added file file:///home/macht/.ivy2/jars/org.apache.spark_spark-sql-kafka-0-10_2.12-3.5.1.jar at file:///home/macht/.ivy2/jars/org.apache.spark_spark-sql-kafka-0-10_2.12-3.5.1.jar with timestamp 1783229610326
26/07/05 12:33:31 INFO Utils: Copying /home/macht/.ivy2/jars/org.apache.spark_spark-sql-kafka-0-10_2.12-3.5.1.jar to /tmp/spark-b8654c69-a79a-4131-b4a6-0b239bddd9d5/userFiles-1d1e4c5c-9a70-4dd5-bcb5-05c8d8199730/org.apache.spark_spark-sql-kafka-0-10_2.12-3.5.1.jar
26/07/05 12:33:31 INFO SparkContext: Added file file:///home/macht/.ivy2/jars/org.mongodb.spark_mongo-spark-connector_2.12-10.3.0.jar at file:///home/macht/.ivy2/jars/org.mongodb.spark_mongo-spark-connector_2.12-10.3.0.jar with timestamp 1783229610326
26/07/05 12:33:31 INFO Utils: Copying /home/macht/.ivy2/jars/org.mongodb.spark_mongo-spark-connector_2.12-10.3.0.jar to /tmp/spark-b8654c69-a79a-4131-b4a6-0b239bddd9d5/userFiles-1d1e4c5c-9a70-4dd5-bcb5-05c8d8199730/org.mongodb.spark_mongo-spark-connector_2.12-10.3.0.jar
26/07/05 12:33:31 INFO SparkContext: Added file file:///home/macht/.ivy2/jars/org.apache.spark_spark-token-provider-kafka-0-10_2.12-3.5.1.jar at file:///home/macht/.ivy2/jars/org.apache.spark_spark-token-provider-kafka-0-10_2.12-3.5.1.jar with timestamp 1783229610326
26/07/05 12:33:31 INFO Utils: Copying /home/macht/.ivy2/jars/org.apache.spark_spark-token-provider-kafka-0-10_2.12-3.5.1.jar to /tmp/spark-b8654c69-a79a-4131-b4a6-0b239bddd9d5/userFiles-1d1e4c5c-9a70-4dd5-bcb5-05c8d8199730/org.apache.spark_spark-token-provider-kafka-0-10_2.12-3.5.1.jar
26/07/05 12:33:31 INFO SparkContext: Added file file:///home/macht/.ivy2/jars/org.apache.kafka_kafka-clients-3.4.1.jar at file:///home/macht/.ivy2/jars/org.apache.kafka_kafka-clients-3.4.1.jar with timestamp 1783229610326
26/07/05 12:33:31 INFO Utils: Copying /home/macht/.ivy2/jars/org.apache.kafka_kafka-clients-3.4.1.jar to /tmp/spark-b8654c69-a79a-4131-b4a6-0b239bddd9d5/userFiles-1d1e4c5c-9a70-4dd5-bcb5-05c8d8199730/org.apache.kafka_kafka-clients-3.4.1.jar
26/07/05 12:33:31 INFO SparkContext: Added file file:///home/macht/.ivy2/jars/com.google.code.findbugs_jsr305-3.0.0.jar at file:///home/macht/.ivy2/jars/com.google.code.findbugs_jsr305-3.0.0.jar with timestamp 1783229610326
26/07/05 12:33:31 INFO Utils: Copying /home/macht/.ivy2/jars/com.google.code.findbugs_jsr305-3.0.0.jar to /tmp/spark-b8654c69-a79a-4131-b4a6-0b239bddd9d5/userFiles-1d1e4c5c-9a70-4dd5-bcb5-05c8d8199730/com.google.code.findbugs_jsr305-3.0.0.jar
26/07/05 12:33:31 INFO SparkContext: Added file file:///home/macht/.ivy2/jars/org.apache.commons_commons-pool2-2.11.1.jar at file:///home/macht/.ivy2/jars/org.apache.commons_commons-pool2-2.11.1.jar with timestamp 1783229610326
26/07/05 12:33:31 INFO Utils: Copying /home/macht/.ivy2/jars/org.apache.commons_commons-pool2-2.11.1.jar to /tmp/spark-b8654c69-a79a-4131-b4a6-0b239bddd9d5/userFiles-1d1e4c5c-9a70-4dd5-bcb5-05c8d8199730/org.apache.commons_commons-pool2-2.11.1.jar
26/07/05 12:33:31 INFO SparkContext: Added file file:///home/macht/.ivy2/jars/org.apache.hadoop_hadoop-client-runtime-3.3.4.jar at file:///home/macht/.ivy2/jars/org.apache.hadoop_hadoop-client-runtime-3.3.4.jar with timestamp 1783229610326
26/07/05 12:33:31 INFO Utils: Copying /home/macht/.ivy2/jars/org.apache.hadoop_hadoop-client-runtime-3.3.4.jar to /tmp/spark-b8654c69-a79a-4131-b4a6-0b239bddd9d5/userFiles-1d1e4c5c-9a70-4dd5-bcb5-05c8d8199730/org.apache.hadoop_hadoop-client-runtime-3.3.4.jar
26/07/05 12:33:31 INFO SparkContext: Added file file:///home/macht/.ivy2/jars/org.lz4_lz4-java-1.8.0.jar at file:///home/macht/.ivy2/jars/org.lz4_lz4-java-1.8.0.jar with timestamp 1783229610326
26/07/05 12:33:31 INFO Utils: Copying /home/macht/.ivy2/jars/org.lz4_lz4-java-1.8.0.jar to /tmp/spark-b8654c69-a79a-4131-b4a6-0b239bddd9d5/userFiles-1d1e4c5c-9a70-4dd5-bcb5-05c8d8199730/org.lz4_lz4-java-1.8.0.jar
26/07/05 12:33:31 INFO SparkContext: Added file file:///home/macht/.ivy2/jars/org.xerial.snappy_snappy-java-1.1.10.3.jar at file:///home/macht/.ivy2/jars/org.xerial.snappy_snappy-java-1.1.10.3.jar with timestamp 1783229610326
26/07/05 12:33:31 INFO Utils: Copying /home/macht/.ivy2/jars/org.xerial.snappy_snappy-java-1.1.10.3.jar to /tmp/spark-b8654c69-a79a-4131-b4a6-0b239bddd9d5/userFiles-1d1e4c5c-9a70-4dd5-bcb5-05c8d8199730/org.xerial.snappy_snappy-java-1.1.10.3.jar
26/07/05 12:33:31 INFO SparkContext: Added file file:///home/macht/.ivy2/jars/org.slf4j_slf4j-api-2.0.7.jar at file:///home/macht/.ivy2/jars/org.slf4j_slf4j-api-2.0.7.jar with timestamp 1783229610326
26/07/05 12:33:31 INFO Utils: Copying /home/macht/.ivy2/jars/org.slf4j_slf4j-api-2.0.7.jar to /tmp/spark-b8654c69-a79a-4131-b4a6-0b239bddd9d5/userFiles-1d1e4c5c-9a70-4dd5-bcb5-05c8d8199730/org.slf4j_slf4j-api-2.0.7.jar
26/07/05 12:33:31 INFO SparkContext: Added file file:///home/macht/.ivy2/jars/org.apache.hadoop_hadoop-client-api-3.3.4.jar at file:///home/macht/.ivy2/jars/org.apache.hadoop_hadoop-client-api-3.3.4.jar with timestamp 1783229610326
26/07/05 12:33:31 INFO Utils: Copying /home/macht/.ivy2/jars/org.apache.hadoop_hadoop-client-api-3.3.4.jar to /tmp/spark-b8654c69-a79a-4131-b4a6-0b239bddd9d5/userFiles-1d1e4c5c-9a70-4dd5-bcb5-05c8d8199730/org.apache.hadoop_hadoop-client-api-3.3.4.jar
26/07/05 12:33:31 INFO SparkContext: Added file file:///home/macht/.ivy2/jars/commons-logging_commons-logging-1.1.3.jar at file:///home/macht/.ivy2/jars/commons-logging_commons-logging-1.1.3.jar with timestamp 1783229610326
26/07/05 12:33:31 INFO Utils: Copying /home/macht/.ivy2/jars/commons-logging_commons-logging-1.1.3.jar to /tmp/spark-b8654c69-a79a-4131-b4a6-0b239bddd9d5/userFiles-1d1e4c5c-9a70-4dd5-bcb5-05c8d8199730/commons-logging_commons-logging-1.1.3.jar
26/07/05 12:33:31 INFO SparkContext: Added file file:///home/macht/.ivy2/jars/org.mongodb_mongodb-driver-sync-4.8.2.jar at file:///home/macht/.ivy2/jars/org.mongodb_mongodb-driver-sync-4.8.2.jar with timestamp 1783229610326
26/07/05 12:33:31 INFO Utils: Copying /home/macht/.ivy2/jars/org.mongodb_mongodb-driver-sync-4.8.2.jar to /tmp/spark-b8654c69-a79a-4131-b4a6-0b239bddd9d5/userFiles-1d1e4c5c-9a70-4dd5-bcb5-05c8d8199730/org.mongodb_mongodb-driver-sync-4.8.2.jar
26/07/05 12:33:31 INFO SparkContext: Added file file:///home/macht/.ivy2/jars/org.mongodb_bson-4.8.2.jar at file:///home/macht/.ivy2/jars/org.mongodb_bson-4.8.2.jar with timestamp 1783229610326
26/07/05 12:33:31 INFO Utils: Copying /home/macht/.ivy2/jars/org.mongodb_bson-4.8.2.jar to /tmp/spark-b8654c69-a79a-4131-b4a6-0b239bddd9d5/userFiles-1d1e4c5c-9a70-4dd5-bcb5-05c8d8199730/org.mongodb_bson-4.8.2.jar
26/07/05 12:33:31 INFO SparkContext: Added file file:///home/macht/.ivy2/jars/org.mongodb_mongodb-driver-core-4.8.2.jar at file:///home/macht/.ivy2/jars/org.mongodb_mongodb-driver-core-4.8.2.jar with timestamp 1783229610326
26/07/05 12:33:31 INFO Utils: Copying /home/macht/.ivy2/jars/org.mongodb_mongodb-driver-core-4.8.2.jar to /tmp/spark-b8654c69-a79a-4131-b4a6-0b239bddd9d5/userFiles-1d1e4c5c-9a70-4dd5-bcb5-05c8d8199730/org.mongodb_mongodb-driver-core-4.8.2.jar
26/07/05 12:33:31 INFO SparkContext: Added file file:///home/macht/.ivy2/jars/org.mongodb_bson-record-codec-4.8.2.jar at file:///home/macht/.ivy2/jars/org.mongodb_bson-record-codec-4.8.2.jar with timestamp 1783229610326
26/07/05 12:33:31 INFO Utils: Copying /home/macht/.ivy2/jars/org.mongodb_bson-record-codec-4.8.2.jar to /tmp/spark-b8654c69-a79a-4131-b4a6-0b239bddd9d5/userFiles-1d1e4c5c-9a70-4dd5-bcb5-05c8d8199730/org.mongodb_bson-record-codec-4.8.2.jar
26/07/05 12:33:31 INFO Executor: Starting executor ID driver on host macht-Inspiron-15-3520.lan
26/07/05 12:33:31 INFO Executor: OS info Linux, 7.0.0-27-generic, amd64
26/07/05 12:33:31 INFO Executor: Java version 17.0.19
26/07/05 12:33:31 INFO Executor: Starting executor with user classpath (userClassPathFirst = false): ''
26/07/05 12:33:31 INFO Executor: Created or updated repl class loader org.apache.spark.util.MutableURLClassLoader@74a93964 for default.
26/07/05 12:33:31 INFO Executor: Fetching file:///home/macht/.ivy2/jars/org.apache.hadoop_hadoop-client-api-3.3.4.jar with timestamp 1783229610326
26/07/05 12:33:31 INFO Utils: /home/macht/.ivy2/jars/org.apache.hadoop_hadoop-client-api-3.3.4.jar has been previously copied to /tmp/spark-b8654c69-a79a-4131-b4a6-0b239bddd9d5/userFiles-1d1e4c5c-9a70-4dd5-bcb5-05c8d8199730/org.apache.hadoop_hadoop-client-api-3.3.4.jar
26/07/05 12:33:31 INFO Executor: Fetching file:///home/macht/.ivy2/jars/org.apache.spark_spark-token-provider-kafka-0-10_2.12-3.5.1.jar with timestamp 1783229610326
26/07/05 12:33:31 INFO Utils: /home/macht/.ivy2/jars/org.apache.spark_spark-token-provider-kafka-0-10_2.12-3.5.1.jar has been previously copied to /tmp/spark-b8654c69-a79a-4131-b4a6-0b239bddd9d5/userFiles-1d1e4c5c-9a70-4dd5-bcb5-05c8d8199730/org.apache.spark_spark-token-provider-kafka-0-10_2.12-3.5.1.jar
26/07/05 12:33:31 INFO Executor: Fetching file:///home/macht/.ivy2/jars/org.mongodb_mongodb-driver-sync-4.8.2.jar with timestamp 1783229610326
26/07/05 12:33:31 INFO Utils: /home/macht/.ivy2/jars/org.mongodb_mongodb-driver-sync-4.8.2.jar has been previously copied to /tmp/spark-b8654c69-a79a-4131-b4a6-0b239bddd9d5/userFiles-1d1e4c5c-9a70-4dd5-bcb5-05c8d8199730/org.mongodb_mongodb-driver-sync-4.8.2.jar
26/07/05 12:33:31 INFO Executor: Fetching file:///home/macht/.ivy2/jars/org.xerial.snappy_snappy-java-1.1.10.3.jar with timestamp 1783229610326
26/07/05 12:33:31 INFO Utils: /home/macht/.ivy2/jars/org.xerial.snappy_snappy-java-1.1.10.3.jar has been previously copied to /tmp/spark-b8654c69-a79a-4131-b4a6-0b239bddd9d5/userFiles-1d1e4c5c-9a70-4dd5-bcb5-05c8d8199730/org.xerial.snappy_snappy-java-1.1.10.3.jar
26/07/05 12:33:31 INFO Executor: Fetching file:///home/macht/.ivy2/jars/org.apache.commons_commons-pool2-2.11.1.jar with timestamp 1783229610326
26/07/05 12:33:31 INFO Utils: /home/macht/.ivy2/jars/org.apache.commons_commons-pool2-2.11.1.jar has been previously copied to /tmp/spark-b8654c69-a79a-4131-b4a6-0b239bddd9d5/userFiles-1d1e4c5c-9a70-4dd5-bcb5-05c8d8199730/org.apache.commons_commons-pool2-2.11.1.jar
26/07/05 12:33:31 INFO Executor: Fetching file:///home/macht/.ivy2/jars/org.apache.spark_spark-sql-kafka-0-10_2.12-3.5.1.jar with timestamp 1783229610326
26/07/05 12:33:31 INFO Utils: /home/macht/.ivy2/jars/org.apache.spark_spark-sql-kafka-0-10_2.12-3.5.1.jar has been previously copied to /tmp/spark-b8654c69-a79a-4131-b4a6-0b239bddd9d5/userFiles-1d1e4c5c-9a70-4dd5-bcb5-05c8d8199730/org.apache.spark_spark-sql-kafka-0-10_2.12-3.5.1.jar
26/07/05 12:33:31 INFO Executor: Fetching file:///home/macht/.ivy2/jars/org.apache.kafka_kafka-clients-3.4.1.jar with timestamp 1783229610326
26/07/05 12:33:31 INFO Utils: /home/macht/.ivy2/jars/org.apache.kafka_kafka-clients-3.4.1.jar has been previously copied to /tmp/spark-b8654c69-a79a-4131-b4a6-0b239bddd9d5/userFiles-1d1e4c5c-9a70-4dd5-bcb5-05c8d8199730/org.apache.kafka_kafka-clients-3.4.1.jar
26/07/05 12:33:31 INFO Executor: Fetching file:///home/macht/.ivy2/jars/commons-logging_commons-logging-1.1.3.jar with timestamp 1783229610326
26/07/05 12:33:31 INFO Utils: /home/macht/.ivy2/jars/commons-logging_commons-logging-1.1.3.jar has been previously copied to /tmp/spark-b8654c69-a79a-4131-b4a6-0b239bddd9d5/userFiles-1d1e4c5c-9a70-4dd5-bcb5-05c8d8199730/commons-logging_commons-logging-1.1.3.jar
26/07/05 12:33:31 INFO Executor: Fetching file:///home/macht/.ivy2/jars/org.lz4_lz4-java-1.8.0.jar with timestamp 1783229610326
26/07/05 12:33:31 INFO Utils: /home/macht/.ivy2/jars/org.lz4_lz4-java-1.8.0.jar has been previously copied to /tmp/spark-b8654c69-a79a-4131-b4a6-0b239bddd9d5/userFiles-1d1e4c5c-9a70-4dd5-bcb5-05c8d8199730/org.lz4_lz4-java-1.8.0.jar
26/07/05 12:33:31 INFO Executor: Fetching file:///home/macht/.ivy2/jars/org.mongodb_bson-4.8.2.jar with timestamp 1783229610326
26/07/05 12:33:31 INFO Utils: /home/macht/.ivy2/jars/org.mongodb_bson-4.8.2.jar has been previously copied to /tmp/spark-b8654c69-a79a-4131-b4a6-0b239bddd9d5/userFiles-1d1e4c5c-9a70-4dd5-bcb5-05c8d8199730/org.mongodb_bson-4.8.2.jar
26/07/05 12:33:31 INFO Executor: Fetching file:///home/macht/.ivy2/jars/com.google.code.findbugs_jsr305-3.0.0.jar with timestamp 1783229610326
26/07/05 12:33:31 INFO Utils: /home/macht/.ivy2/jars/com.google.code.findbugs_jsr305-3.0.0.jar has been previously copied to /tmp/spark-b8654c69-a79a-4131-b4a6-0b239bddd9d5/userFiles-1d1e4c5c-9a70-4dd5-bcb5-05c8d8199730/com.google.code.findbugs_jsr305-3.0.0.jar
26/07/05 12:33:31 INFO Executor: Fetching file:///home/macht/.ivy2/jars/org.mongodb_bson-record-codec-4.8.2.jar with timestamp 1783229610326
26/07/05 12:33:31 INFO Utils: /home/macht/.ivy2/jars/org.mongodb_bson-record-codec-4.8.2.jar has been previously copied to /tmp/spark-b8654c69-a79a-4131-b4a6-0b239bddd9d5/userFiles-1d1e4c5c-9a70-4dd5-bcb5-05c8d8199730/org.mongodb_bson-record-codec-4.8.2.jar
26/07/05 12:33:31 INFO Executor: Fetching file:///home/macht/.ivy2/jars/org.slf4j_slf4j-api-2.0.7.jar with timestamp 1783229610326
26/07/05 12:33:31 INFO Utils: /home/macht/.ivy2/jars/org.slf4j_slf4j-api-2.0.7.jar has been previously copied to /tmp/spark-b8654c69-a79a-4131-b4a6-0b239bddd9d5/userFiles-1d1e4c5c-9a70-4dd5-bcb5-05c8d8199730/org.slf4j_slf4j-api-2.0.7.jar
26/07/05 12:33:31 INFO Executor: Fetching file:///home/macht/.ivy2/jars/org.mongodb_mongodb-driver-core-4.8.2.jar with timestamp 1783229610326
26/07/05 12:33:31 INFO Utils: /home/macht/.ivy2/jars/org.mongodb_mongodb-driver-core-4.8.2.jar has been previously copied to /tmp/spark-b8654c69-a79a-4131-b4a6-0b239bddd9d5/userFiles-1d1e4c5c-9a70-4dd5-bcb5-05c8d8199730/org.mongodb_mongodb-driver-core-4.8.2.jar
26/07/05 12:33:31 INFO Executor: Fetching file:///home/macht/.ivy2/jars/org.apache.hadoop_hadoop-client-runtime-3.3.4.jar with timestamp 1783229610326
26/07/05 12:33:31 INFO Utils: /home/macht/.ivy2/jars/org.apache.hadoop_hadoop-client-runtime-3.3.4.jar has been previously copied to /tmp/spark-b8654c69-a79a-4131-b4a6-0b239bddd9d5/userFiles-1d1e4c5c-9a70-4dd5-bcb5-05c8d8199730/org.apache.hadoop_hadoop-client-runtime-3.3.4.jar
26/07/05 12:33:31 INFO Executor: Fetching file:///home/macht/.ivy2/jars/org.mongodb.spark_mongo-spark-connector_2.12-10.3.0.jar with timestamp 1783229610326
26/07/05 12:33:31 INFO Utils: /home/macht/.ivy2/jars/org.mongodb.spark_mongo-spark-connector_2.12-10.3.0.jar has been previously copied to /tmp/spark-b8654c69-a79a-4131-b4a6-0b239bddd9d5/userFiles-1d1e4c5c-9a70-4dd5-bcb5-05c8d8199730/org.mongodb.spark_mongo-spark-connector_2.12-10.3.0.jar
26/07/05 12:33:31 INFO Executor: Fetching spark://macht-Inspiron-15-3520.lan:46535/jars/org.mongodb_mongodb-driver-core-4.8.2.jar with timestamp 1783229610326
26/07/05 12:33:31 INFO TransportClientFactory: Successfully created connection to macht-Inspiron-15-3520.lan/192.168.100.45:46535 after 22 ms (0 ms spent in bootstraps)
26/07/05 12:33:31 INFO Utils: Fetching spark://macht-Inspiron-15-3520.lan:46535/jars/org.mongodb_mongodb-driver-core-4.8.2.jar to /tmp/spark-b8654c69-a79a-4131-b4a6-0b239bddd9d5/userFiles-1d1e4c5c-9a70-4dd5-bcb5-05c8d8199730/fetchFileTemp11695221025889946702.tmp
26/07/05 12:33:31 INFO Utils: /tmp/spark-b8654c69-a79a-4131-b4a6-0b239bddd9d5/userFiles-1d1e4c5c-9a70-4dd5-bcb5-05c8d8199730/fetchFileTemp11695221025889946702.tmp has been previously copied to /tmp/spark-b8654c69-a79a-4131-b4a6-0b239bddd9d5/userFiles-1d1e4c5c-9a70-4dd5-bcb5-05c8d8199730/org.mongodb_mongodb-driver-core-4.8.2.jar
26/07/05 12:33:31 INFO Executor: Adding file:/tmp/spark-b8654c69-a79a-4131-b4a6-0b239bddd9d5/userFiles-1d1e4c5c-9a70-4dd5-bcb5-05c8d8199730/org.mongodb_mongodb-driver-core-4.8.2.jar to class loader default
26/07/05 12:33:31 INFO Executor: Fetching spark://macht-Inspiron-15-3520.lan:46535/jars/org.mongodb_bson-4.8.2.jar with timestamp 1783229610326
26/07/05 12:33:31 INFO Utils: Fetching spark://macht-Inspiron-15-3520.lan:46535/jars/org.mongodb_bson-4.8.2.jar to /tmp/spark-b8654c69-a79a-4131-b4a6-0b239bddd9d5/userFiles-1d1e4c5c-9a70-4dd5-bcb5-05c8d8199730/fetchFileTemp7289731629582250149.tmp
26/07/05 12:33:31 INFO Utils: /tmp/spark-b8654c69-a79a-4131-b4a6-0b239bddd9d5/userFiles-1d1e4c5c-9a70-4dd5-bcb5-05c8d8199730/fetchFileTemp7289731629582250149.tmp has been previously copied to /tmp/spark-b8654c69-a79a-4131-b4a6-0b239bddd9d5/userFiles-1d1e4c5c-9a70-4dd5-bcb5-05c8d8199730/org.mongodb_bson-4.8.2.jar
26/07/05 12:33:31 INFO Executor: Adding file:/tmp/spark-b8654c69-a79a-4131-b4a6-0b239bddd9d5/userFiles-1d1e4c5c-9a70-4dd5-bcb5-05c8d8199730/org.mongodb_bson-4.8.2.jar to class loader default
26/07/05 12:33:31 INFO Executor: Fetching spark://macht-Inspiron-15-3520.lan:46535/jars/org.xerial.snappy_snappy-java-1.1.10.3.jar with timestamp 1783229610326
26/07/05 12:33:31 INFO Utils: Fetching spark://macht-Inspiron-15-3520.lan:46535/jars/org.xerial.snappy_snappy-java-1.1.10.3.jar to /tmp/spark-b8654c69-a79a-4131-b4a6-0b239bddd9d5/userFiles-1d1e4c5c-9a70-4dd5-bcb5-05c8d8199730/fetchFileTemp8728006737616136947.tmp
26/07/05 12:33:31 INFO Utils: /tmp/spark-b8654c69-a79a-4131-b4a6-0b239bddd9d5/userFiles-1d1e4c5c-9a70-4dd5-bcb5-05c8d8199730/fetchFileTemp8728006737616136947.tmp has been previously copied to /tmp/spark-b8654c69-a79a-4131-b4a6-0b239bddd9d5/userFiles-1d1e4c5c-9a70-4dd5-bcb5-05c8d8199730/org.xerial.snappy_snappy-java-1.1.10.3.jar
26/07/05 12:33:31 INFO Executor: Adding file:/tmp/spark-b8654c69-a79a-4131-b4a6-0b239bddd9d5/userFiles-1d1e4c5c-9a70-4dd5-bcb5-05c8d8199730/org.xerial.snappy_snappy-java-1.1.10.3.jar to class loader default
26/07/05 12:33:31 INFO Executor: Fetching spark://macht-Inspiron-15-3520.lan:46535/jars/com.google.code.findbugs_jsr305-3.0.0.jar with timestamp 1783229610326
26/07/05 12:33:31 INFO Utils: Fetching spark://macht-Inspiron-15-3520.lan:46535/jars/com.google.code.findbugs_jsr305-3.0.0.jar to /tmp/spark-b8654c69-a79a-4131-b4a6-0b239bddd9d5/userFiles-1d1e4c5c-9a70-4dd5-bcb5-05c8d8199730/fetchFileTemp17766155833758176782.tmp
26/07/05 12:33:31 INFO Utils: /tmp/spark-b8654c69-a79a-4131-b4a6-0b239bddd9d5/userFiles-1d1e4c5c-9a70-4dd5-bcb5-05c8d8199730/fetchFileTemp17766155833758176782.tmp has been previously copied to /tmp/spark-b8654c69-a79a-4131-b4a6-0b239bddd9d5/userFiles-1d1e4c5c-9a70-4dd5-bcb5-05c8d8199730/com.google.code.findbugs_jsr305-3.0.0.jar
26/07/05 12:33:31 INFO Executor: Adding file:/tmp/spark-b8654c69-a79a-4131-b4a6-0b239bddd9d5/userFiles-1d1e4c5c-9a70-4dd5-bcb5-05c8d8199730/com.google.code.findbugs_jsr305-3.0.0.jar to class loader default
26/07/05 12:33:31 INFO Executor: Fetching spark://macht-Inspiron-15-3520.lan:46535/jars/org.apache.hadoop_hadoop-client-api-3.3.4.jar with timestamp 1783229610326
26/07/05 12:33:31 INFO Utils: Fetching spark://macht-Inspiron-15-3520.lan:46535/jars/org.apache.hadoop_hadoop-client-api-3.3.4.jar to /tmp/spark-b8654c69-a79a-4131-b4a6-0b239bddd9d5/userFiles-1d1e4c5c-9a70-4dd5-bcb5-05c8d8199730/fetchFileTemp14458767860978767633.tmp
26/07/05 12:33:31 INFO Utils: /tmp/spark-b8654c69-a79a-4131-b4a6-0b239bddd9d5/userFiles-1d1e4c5c-9a70-4dd5-bcb5-05c8d8199730/fetchFileTemp14458767860978767633.tmp has been previously copied to /tmp/spark-b8654c69-a79a-4131-b4a6-0b239bddd9d5/userFiles-1d1e4c5c-9a70-4dd5-bcb5-05c8d8199730/org.apache.hadoop_hadoop-client-api-3.3.4.jar
26/07/05 12:33:31 INFO Executor: Adding file:/tmp/spark-b8654c69-a79a-4131-b4a6-0b239bddd9d5/userFiles-1d1e4c5c-9a70-4dd5-bcb5-05c8d8199730/org.apache.hadoop_hadoop-client-api-3.3.4.jar to class loader default
26/07/05 12:33:31 INFO Executor: Fetching spark://macht-Inspiron-15-3520.lan:46535/jars/org.apache.hadoop_hadoop-client-runtime-3.3.4.jar with timestamp 1783229610326
26/07/05 12:33:31 INFO Utils: Fetching spark://macht-Inspiron-15-3520.lan:46535/jars/org.apache.hadoop_hadoop-client-runtime-3.3.4.jar to /tmp/spark-b8654c69-a79a-4131-b4a6-0b239bddd9d5/userFiles-1d1e4c5c-9a70-4dd5-bcb5-05c8d8199730/fetchFileTemp13086873123103199223.tmp
26/07/05 12:33:31 INFO Utils: /tmp/spark-b8654c69-a79a-4131-b4a6-0b239bddd9d5/userFiles-1d1e4c5c-9a70-4dd5-bcb5-05c8d8199730/fetchFileTemp13086873123103199223.tmp has been previously copied to /tmp/spark-b8654c69-a79a-4131-b4a6-0b239bddd9d5/userFiles-1d1e4c5c-9a70-4dd5-bcb5-05c8d8199730/org.apache.hadoop_hadoop-client-runtime-3.3.4.jar
26/07/05 12:33:31 INFO Executor: Adding file:/tmp/spark-b8654c69-a79a-4131-b4a6-0b239bddd9d5/userFiles-1d1e4c5c-9a70-4dd5-bcb5-05c8d8199730/org.apache.hadoop_hadoop-client-runtime-3.3.4.jar to class loader default
26/07/05 12:33:31 INFO Executor: Fetching spark://macht-Inspiron-15-3520.lan:46535/jars/org.apache.spark_spark-sql-kafka-0-10_2.12-3.5.1.jar with timestamp 1783229610326
26/07/05 12:33:31 INFO Utils: Fetching spark://macht-Inspiron-15-3520.lan:46535/jars/org.apache.spark_spark-sql-kafka-0-10_2.12-3.5.1.jar to /tmp/spark-b8654c69-a79a-4131-b4a6-0b239bddd9d5/userFiles-1d1e4c5c-9a70-4dd5-bcb5-05c8d8199730/fetchFileTemp9613259270281740613.tmp
26/07/05 12:33:31 INFO Utils: /tmp/spark-b8654c69-a79a-4131-b4a6-0b239bddd9d5/userFiles-1d1e4c5c-9a70-4dd5-bcb5-05c8d8199730/fetchFileTemp9613259270281740613.tmp has been previously copied to /tmp/spark-b8654c69-a79a-4131-b4a6-0b239bddd9d5/userFiles-1d1e4c5c-9a70-4dd5-bcb5-05c8d8199730/org.apache.spark_spark-sql-kafka-0-10_2.12-3.5.1.jar
26/07/05 12:33:31 INFO Executor: Adding file:/tmp/spark-b8654c69-a79a-4131-b4a6-0b239bddd9d5/userFiles-1d1e4c5c-9a70-4dd5-bcb5-05c8d8199730/org.apache.spark_spark-sql-kafka-0-10_2.12-3.5.1.jar to class loader default
26/07/05 12:33:31 INFO Executor: Fetching spark://macht-Inspiron-15-3520.lan:46535/jars/org.lz4_lz4-java-1.8.0.jar with timestamp 1783229610326
26/07/05 12:33:31 INFO Utils: Fetching spark://macht-Inspiron-15-3520.lan:46535/jars/org.lz4_lz4-java-1.8.0.jar to /tmp/spark-b8654c69-a79a-4131-b4a6-0b239bddd9d5/userFiles-1d1e4c5c-9a70-4dd5-bcb5-05c8d8199730/fetchFileTemp6652059201401042563.tmp
26/07/05 12:33:31 INFO Utils: /tmp/spark-b8654c69-a79a-4131-b4a6-0b239bddd9d5/userFiles-1d1e4c5c-9a70-4dd5-bcb5-05c8d8199730/fetchFileTemp6652059201401042563.tmp has been previously copied to /tmp/spark-b8654c69-a79a-4131-b4a6-0b239bddd9d5/userFiles-1d1e4c5c-9a70-4dd5-bcb5-05c8d8199730/org.lz4_lz4-java-1.8.0.jar
26/07/05 12:33:31 INFO Executor: Adding file:/tmp/spark-b8654c69-a79a-4131-b4a6-0b239bddd9d5/userFiles-1d1e4c5c-9a70-4dd5-bcb5-05c8d8199730/org.lz4_lz4-java-1.8.0.jar to class loader default
26/07/05 12:33:31 INFO Executor: Fetching spark://macht-Inspiron-15-3520.lan:46535/jars/org.apache.commons_commons-pool2-2.11.1.jar with timestamp 1783229610326
26/07/05 12:33:31 INFO Utils: Fetching spark://macht-Inspiron-15-3520.lan:46535/jars/org.apache.commons_commons-pool2-2.11.1.jar to /tmp/spark-b8654c69-a79a-4131-b4a6-0b239bddd9d5/userFiles-1d1e4c5c-9a70-4dd5-bcb5-05c8d8199730/fetchFileTemp4853729129651229798.tmp
26/07/05 12:33:31 INFO Utils: /tmp/spark-b8654c69-a79a-4131-b4a6-0b239bddd9d5/userFiles-1d1e4c5c-9a70-4dd5-bcb5-05c8d8199730/fetchFileTemp4853729129651229798.tmp has been previously copied to /tmp/spark-b8654c69-a79a-4131-b4a6-0b239bddd9d5/userFiles-1d1e4c5c-9a70-4dd5-bcb5-05c8d8199730/org.apache.commons_commons-pool2-2.11.1.jar
26/07/05 12:33:31 INFO Executor: Adding file:/tmp/spark-b8654c69-a79a-4131-b4a6-0b239bddd9d5/userFiles-1d1e4c5c-9a70-4dd5-bcb5-05c8d8199730/org.apache.commons_commons-pool2-2.11.1.jar to class loader default
26/07/05 12:33:31 INFO Executor: Fetching spark://macht-Inspiron-15-3520.lan:46535/jars/org.mongodb.spark_mongo-spark-connector_2.12-10.3.0.jar with timestamp 1783229610326
26/07/05 12:33:31 INFO Utils: Fetching spark://macht-Inspiron-15-3520.lan:46535/jars/org.mongodb.spark_mongo-spark-connector_2.12-10.3.0.jar to /tmp/spark-b8654c69-a79a-4131-b4a6-0b239bddd9d5/userFiles-1d1e4c5c-9a70-4dd5-bcb5-05c8d8199730/fetchFileTemp9542644157151033592.tmp
26/07/05 12:33:31 INFO Utils: /tmp/spark-b8654c69-a79a-4131-b4a6-0b239bddd9d5/userFiles-1d1e4c5c-9a70-4dd5-bcb5-05c8d8199730/fetchFileTemp9542644157151033592.tmp has been previously copied to /tmp/spark-b8654c69-a79a-4131-b4a6-0b239bddd9d5/userFiles-1d1e4c5c-9a70-4dd5-bcb5-05c8d8199730/org.mongodb.spark_mongo-spark-connector_2.12-10.3.0.jar
26/07/05 12:33:31 INFO Executor: Adding file:/tmp/spark-b8654c69-a79a-4131-b4a6-0b239bddd9d5/userFiles-1d1e4c5c-9a70-4dd5-bcb5-05c8d8199730/org.mongodb.spark_mongo-spark-connector_2.12-10.3.0.jar to class loader default
26/07/05 12:33:31 INFO Executor: Fetching spark://macht-Inspiron-15-3520.lan:46535/jars/org.mongodb_mongodb-driver-sync-4.8.2.jar with timestamp 1783229610326
26/07/05 12:33:31 INFO Utils: Fetching spark://macht-Inspiron-15-3520.lan:46535/jars/org.mongodb_mongodb-driver-sync-4.8.2.jar to /tmp/spark-b8654c69-a79a-4131-b4a6-0b239bddd9d5/userFiles-1d1e4c5c-9a70-4dd5-bcb5-05c8d8199730/fetchFileTemp16572784900397055292.tmp
26/07/05 12:33:31 INFO Utils: /tmp/spark-b8654c69-a79a-4131-b4a6-0b239bddd9d5/userFiles-1d1e4c5c-9a70-4dd5-bcb5-05c8d8199730/fetchFileTemp16572784900397055292.tmp has been previously copied to /tmp/spark-b8654c69-a79a-4131-b4a6-0b239bddd9d5/userFiles-1d1e4c5c-9a70-4dd5-bcb5-05c8d8199730/org.mongodb_mongodb-driver-sync-4.8.2.jar
26/07/05 12:33:31 INFO Executor: Adding file:/tmp/spark-b8654c69-a79a-4131-b4a6-0b239bddd9d5/userFiles-1d1e4c5c-9a70-4dd5-bcb5-05c8d8199730/org.mongodb_mongodb-driver-sync-4.8.2.jar to class loader default
26/07/05 12:33:31 INFO Executor: Fetching spark://macht-Inspiron-15-3520.lan:46535/jars/org.apache.spark_spark-token-provider-kafka-0-10_2.12-3.5.1.jar with timestamp 1783229610326
26/07/05 12:33:31 INFO Utils: Fetching spark://macht-Inspiron-15-3520.lan:46535/jars/org.apache.spark_spark-token-provider-kafka-0-10_2.12-3.5.1.jar to /tmp/spark-b8654c69-a79a-4131-b4a6-0b239bddd9d5/userFiles-1d1e4c5c-9a70-4dd5-bcb5-05c8d8199730/fetchFileTemp14183882614259120230.tmp
26/07/05 12:33:31 INFO Utils: /tmp/spark-b8654c69-a79a-4131-b4a6-0b239bddd9d5/userFiles-1d1e4c5c-9a70-4dd5-bcb5-05c8d8199730/fetchFileTemp14183882614259120230.tmp has been previously copied to /tmp/spark-b8654c69-a79a-4131-b4a6-0b239bddd9d5/userFiles-1d1e4c5c-9a70-4dd5-bcb5-05c8d8199730/org.apache.spark_spark-token-provider-kafka-0-10_2.12-3.5.1.jar
26/07/05 12:33:31 INFO Executor: Adding file:/tmp/spark-b8654c69-a79a-4131-b4a6-0b239bddd9d5/userFiles-1d1e4c5c-9a70-4dd5-bcb5-05c8d8199730/org.apache.spark_spark-token-provider-kafka-0-10_2.12-3.5.1.jar to class loader default
26/07/05 12:33:31 INFO Executor: Fetching spark://macht-Inspiron-15-3520.lan:46535/jars/org.slf4j_slf4j-api-2.0.7.jar with timestamp 1783229610326
26/07/05 12:33:31 INFO Utils: Fetching spark://macht-Inspiron-15-3520.lan:46535/jars/org.slf4j_slf4j-api-2.0.7.jar to /tmp/spark-b8654c69-a79a-4131-b4a6-0b239bddd9d5/userFiles-1d1e4c5c-9a70-4dd5-bcb5-05c8d8199730/fetchFileTemp14399239599231922249.tmp
26/07/05 12:33:31 INFO Utils: /tmp/spark-b8654c69-a79a-4131-b4a6-0b239bddd9d5/userFiles-1d1e4c5c-9a70-4dd5-bcb5-05c8d8199730/fetchFileTemp14399239599231922249.tmp has been previously copied to /tmp/spark-b8654c69-a79a-4131-b4a6-0b239bddd9d5/userFiles-1d1e4c5c-9a70-4dd5-bcb5-05c8d8199730/org.slf4j_slf4j-api-2.0.7.jar
26/07/05 12:33:31 INFO Executor: Adding file:/tmp/spark-b8654c69-a79a-4131-b4a6-0b239bddd9d5/userFiles-1d1e4c5c-9a70-4dd5-bcb5-05c8d8199730/org.slf4j_slf4j-api-2.0.7.jar to class loader default
26/07/05 12:33:31 INFO Executor: Fetching spark://macht-Inspiron-15-3520.lan:46535/jars/commons-logging_commons-logging-1.1.3.jar with timestamp 1783229610326
26/07/05 12:33:31 INFO Utils: Fetching spark://macht-Inspiron-15-3520.lan:46535/jars/commons-logging_commons-logging-1.1.3.jar to /tmp/spark-b8654c69-a79a-4131-b4a6-0b239bddd9d5/userFiles-1d1e4c5c-9a70-4dd5-bcb5-05c8d8199730/fetchFileTemp2742883717665009636.tmp
26/07/05 12:33:31 INFO Utils: /tmp/spark-b8654c69-a79a-4131-b4a6-0b239bddd9d5/userFiles-1d1e4c5c-9a70-4dd5-bcb5-05c8d8199730/fetchFileTemp2742883717665009636.tmp has been previously copied to /tmp/spark-b8654c69-a79a-4131-b4a6-0b239bddd9d5/userFiles-1d1e4c5c-9a70-4dd5-bcb5-05c8d8199730/commons-logging_commons-logging-1.1.3.jar
26/07/05 12:33:31 INFO Executor: Adding file:/tmp/spark-b8654c69-a79a-4131-b4a6-0b239bddd9d5/userFiles-1d1e4c5c-9a70-4dd5-bcb5-05c8d8199730/commons-logging_commons-logging-1.1.3.jar to class loader default
26/07/05 12:33:31 INFO Executor: Fetching spark://macht-Inspiron-15-3520.lan:46535/jars/org.mongodb_bson-record-codec-4.8.2.jar with timestamp 1783229610326
26/07/05 12:33:31 INFO Utils: Fetching spark://macht-Inspiron-15-3520.lan:46535/jars/org.mongodb_bson-record-codec-4.8.2.jar to /tmp/spark-b8654c69-a79a-4131-b4a6-0b239bddd9d5/userFiles-1d1e4c5c-9a70-4dd5-bcb5-05c8d8199730/fetchFileTemp3330680209896381578.tmp
26/07/05 12:33:31 INFO Utils: /tmp/spark-b8654c69-a79a-4131-b4a6-0b239bddd9d5/userFiles-1d1e4c5c-9a70-4dd5-bcb5-05c8d8199730/fetchFileTemp3330680209896381578.tmp has been previously copied to /tmp/spark-b8654c69-a79a-4131-b4a6-0b239bddd9d5/userFiles-1d1e4c5c-9a70-4dd5-bcb5-05c8d8199730/org.mongodb_bson-record-codec-4.8.2.jar
26/07/05 12:33:31 INFO Executor: Adding file:/tmp/spark-b8654c69-a79a-4131-b4a6-0b239bddd9d5/userFiles-1d1e4c5c-9a70-4dd5-bcb5-05c8d8199730/org.mongodb_bson-record-codec-4.8.2.jar to class loader default
26/07/05 12:33:31 INFO Executor: Fetching spark://macht-Inspiron-15-3520.lan:46535/jars/org.apache.kafka_kafka-clients-3.4.1.jar with timestamp 1783229610326
26/07/05 12:33:31 INFO Utils: Fetching spark://macht-Inspiron-15-3520.lan:46535/jars/org.apache.kafka_kafka-clients-3.4.1.jar to /tmp/spark-b8654c69-a79a-4131-b4a6-0b239bddd9d5/userFiles-1d1e4c5c-9a70-4dd5-bcb5-05c8d8199730/fetchFileTemp3187854505543406309.tmp
26/07/05 12:33:31 INFO Utils: /tmp/spark-b8654c69-a79a-4131-b4a6-0b239bddd9d5/userFiles-1d1e4c5c-9a70-4dd5-bcb5-05c8d8199730/fetchFileTemp3187854505543406309.tmp has been previously copied to /tmp/spark-b8654c69-a79a-4131-b4a6-0b239bddd9d5/userFiles-1d1e4c5c-9a70-4dd5-bcb5-05c8d8199730/org.apache.kafka_kafka-clients-3.4.1.jar
26/07/05 12:33:31 INFO Executor: Adding file:/tmp/spark-b8654c69-a79a-4131-b4a6-0b239bddd9d5/userFiles-1d1e4c5c-9a70-4dd5-bcb5-05c8d8199730/org.apache.kafka_kafka-clients-3.4.1.jar to class loader default
26/07/05 12:33:31 INFO Utils: Successfully started service 'org.apache.spark.network.netty.NettyBlockTransferService' on port 46859.
26/07/05 12:33:31 INFO NettyBlockTransferService: Server created on macht-Inspiron-15-3520.lan:46859
26/07/05 12:33:31 INFO BlockManager: Using org.apache.spark.storage.RandomBlockReplicationPolicy for block replication policy
26/07/05 12:33:31 INFO BlockManagerMaster: Registering BlockManager BlockManagerId(driver, macht-Inspiron-15-3520.lan, 46859, None)
26/07/05 12:33:31 INFO BlockManagerMasterEndpoint: Registering block manager macht-Inspiron-15-3520.lan:46859 with 434.4 MiB RAM, BlockManagerId(driver, macht-Inspiron-15-3520.lan, 46859, None)
26/07/05 12:33:31 INFO BlockManagerMaster: Registered BlockManager BlockManagerId(driver, macht-Inspiron-15-3520.lan, 46859, None)
26/07/05 12:33:31 INFO BlockManager: Initialized BlockManager: BlockManagerId(driver, macht-Inspiron-15-3520.lan, 46859, None)
26/07/05 12:33:33 WARN ResolveWriteToStream: spark.sql.adaptive.enabled is not supported in streaming DataFrames/Datasets and will be disabled.
26/07/05 12:33:33 WARN AdminClientConfig: These configurations '[key.deserializer, value.deserializer, enable.auto.commit, max.poll.records, auto.offset.reset]' were supplied but are not used yet.
26/07/05 12:33:34 WARN CaseInsensitiveStringMap: Converting duplicated key idfieldlist into CaseInsensitiveStringMap.
26/07/05 12:33:34 WARN CaseInsensitiveStringMap: Converting duplicated key upsertDocument into CaseInsensitiveStringMap.
26/07/05 12:33:34 WARN CaseInsensitiveStringMap: Converting duplicated key operationType into CaseInsensitiveStringMap.
26/07/05 12:33:59 WARN CaseInsensitiveStringMap: Converting duplicated key idfieldlist into CaseInsensitiveStringMap.
26/07/05 12:33:59 WARN CaseInsensitiveStringMap: Converting duplicated key upsertDocument into CaseInsensitiveStringMap.
26/07/05 12:33:59 WARN CaseInsensitiveStringMap: Converting duplicated key operationType into CaseInsensitiveStringMap.
26/07/05 12:34:01 WARN CaseInsensitiveStringMap: Converting duplicated key idfieldlist into CaseInsensitiveStringMap.
26/07/05 12:34:01 WARN CaseInsensitiveStringMap: Converting duplicated key upsertDocument into CaseInsensitiveStringMap.
26/07/05 12:34:01 WARN CaseInsensitiveStringMap: Converting duplicated key operationType into CaseInsensitiveStringMap.
26/07/05 12:34:03 WARN CaseInsensitiveStringMap: Converting duplicated key idfieldlist into CaseInsensitiveStringMap.
26/07/05 12:34:03 WARN CaseInsensitiveStringMap: Converting duplicated key upsertDocument into CaseInsensitiveStringMap.
26/07/05 12:34:03 WARN CaseInsensitiveStringMap: Converting duplicated key operationType into CaseInsensitiveStringMap.
26/07/05 12:34:04 WARN CaseInsensitiveStringMap: Converting duplicated key idfieldlist into CaseInsensitiveStringMap.
26/07/05 12:34:04 WARN CaseInsensitiveStringMap: Converting duplicated key upsertDocument into CaseInsensitiveStringMap.
26/07/05 12:34:04 WARN CaseInsensitiveStringMap: Converting duplicated key operationType into CaseInsensitiveStringMap.
26/07/05 12:34:05 WARN CaseInsensitiveStringMap: Converting duplicated key idfieldlist into CaseInsensitiveStringMap.
26/07/05 12:34:05 WARN CaseInsensitiveStringMap: Converting duplicated key upsertDocument into CaseInsensitiveStringMap.
26/07/05 12:34:05 WARN CaseInsensitiveStringMap: Converting duplicated key operationType into CaseInsensitiveStringMap.
26/07/05 12:34:06 WARN CaseInsensitiveStringMap: Converting duplicated key idfieldlist into CaseInsensitiveStringMap.
26/07/05 12:34:06 WARN CaseInsensitiveStringMap: Converting duplicated key upsertDocument into CaseInsensitiveStringMap.
26/07/05 12:34:06 WARN CaseInsensitiveStringMap: Converting duplicated key operationType into CaseInsensitiveStringMap.
26/07/05 12:34:07 WARN CaseInsensitiveStringMap: Converting duplicated key idfieldlist into CaseInsensitiveStringMap.
26/07/05 12:34:07 WARN CaseInsensitiveStringMap: Converting duplicated key upsertDocument into CaseInsensitiveStringMap.
26/07/05 12:34:07 WARN CaseInsensitiveStringMap: Converting duplicated key operationType into CaseInsensitiveStringMap.
26/07/05 12:34:08 WARN CaseInsensitiveStringMap: Converting duplicated key idfieldlist into CaseInsensitiveStringMap.
26/07/05 12:34:08 WARN CaseInsensitiveStringMap: Converting duplicated key upsertDocument into CaseInsensitiveStringMap.
26/07/05 12:34:08 WARN CaseInsensitiveStringMap: Converting duplicated key operationType into CaseInsensitiveStringMap.
26/07/05 12:34:29 WARN CaseInsensitiveStringMap: Converting duplicated key idfieldlist into CaseInsensitiveStringMap.
26/07/05 12:34:29 WARN CaseInsensitiveStringMap: Converting duplicated key upsertDocument into CaseInsensitiveStringMap.
26/07/05 12:34:29 WARN CaseInsensitiveStringMap: Converting duplicated key operationType into CaseInsensitiveStringMap.
ERROR:root:Exception while sending command.
Traceback (most recent call last):
  File "/home/macht/Dev/HCMUS/Streaming/.venv/lib/python3.12/site-packages/pyspark/python/lib/py4j-0.10.9.7-src.zip/py4j/clientserver.py", line 511, in send_command
    answer = smart_decode(self.stream.readline()[:-1])
                          ^^^^^^^^^^^^^^^^^^^^^^
RuntimeError: reentrant call inside <_io.BufferedReader name=4>

During handling of the above exception, another exception occurred:

Traceback (most recent call last):
  File "/home/macht/Dev/HCMUS/Streaming/.venv/lib/python3.12/site-packages/pyspark/python/lib/py4j-0.10.9.7-src.zip/py4j/java_gateway.py", line 1038, in send_command
    response = connection.send_command(command)
               ^^^^^^^^^^^^^^^^^^^^^^^^^^^^^^^^
  File "/home/macht/Dev/HCMUS/Streaming/.venv/lib/python3.12/site-packages/pyspark/python/lib/py4j-0.10.9.7-src.zip/py4j/clientserver.py", line 539, in send_command
    raise Py4JNetworkError(
py4j.protocol.Py4JNetworkError: Error while sending or receiving
ERROR:root:Exception while sending command.
Traceback (most recent call last):
  File "/home/macht/Dev/HCMUS/Streaming/.venv/lib/python3.12/site-packages/pyspark/python/lib/py4j-0.10.9.7-src.zip/py4j/clientserver.py", line 511, in send_command
    answer = smart_decode(self.stream.readline()[:-1])
                          ^^^^^^^^^^^^^^^^^^^^^^
  File "/home/macht/.local/share/uv/python/cpython-3.12.13-linux-x86_64-gnu/lib/python3.12/socket.py", line 720, in readinto
    return self._sock.recv_into(b)
           ^^^^^^^^^^^^^^^^^^^^^^^
  File "/home/macht/Dev/HCMUS/Streaming/.venv/lib/python3.12/site-packages/pyspark/python/lib/pyspark.zip/pyspark/context.py", line 381, in signal_handler
    self.cancelAllJobs()
  File "/home/macht/Dev/HCMUS/Streaming/.venv/lib/python3.12/site-packages/pyspark/python/lib/pyspark.zip/pyspark/context.py", line 2446, in cancelAllJobs
    self._jsc.sc().cancelAllJobs()
    ^^^^^^^^^^^^^^
  File "/home/macht/Dev/HCMUS/Streaming/.venv/lib/python3.12/site-packages/pyspark/python/lib/py4j-0.10.9.7-src.zip/py4j/java_gateway.py", line 1322, in __call__
    return_value = get_return_value(
                   ^^^^^^^^^^^^^^^^^
  File "/home/macht/Dev/HCMUS/Streaming/.venv/lib/python3.12/site-packages/pyspark/python/lib/pyspark.zip/pyspark/errors/exceptions/captured.py", line 179, in deco
    return f(*a, **kw)
           ^^^^^^^^^^^
  File "/home/macht/Dev/HCMUS/Streaming/.venv/lib/python3.12/site-packages/pyspark/python/lib/py4j-0.10.9.7-src.zip/py4j/protocol.py", line 334, in get_return_value
    raise Py4JError(
py4j.protocol.Py4JError: An error occurred while calling o15.sc

During handling of the above exception, another exception occurred:

Traceback (most recent call last):
  File "/home/macht/Dev/HCMUS/Streaming/.venv/lib/python3.12/site-packages/pyspark/python/lib/py4j-0.10.9.7-src.zip/py4j/java_gateway.py", line 1038, in send_command
    response = connection.send_command(command)
               ^^^^^^^^^^^^^^^^^^^^^^^^^^^^^^^^
  File "/home/macht/Dev/HCMUS/Streaming/.venv/lib/python3.12/site-packages/pyspark/python/lib/py4j-0.10.9.7-src.zip/py4j/clientserver.py", line 539, in send_command
    raise Py4JNetworkError(
py4j.protocol.Py4JNetworkError: Error while sending or receiving
Traceback (most recent call last):
  File "/home/macht/Dev/HCMUS/Streaming/src/spark_jobs/metadata_to_mongodb.py", line 105, in <module>
    main()
  File "/home/macht/Dev/HCMUS/Streaming/src/spark_jobs/metadata_to_mongodb.py", line 101, in main
    query.awaitTermination()
  File "/home/macht/Dev/HCMUS/Streaming/.venv/lib/python3.12/site-packages/pyspark/python/lib/pyspark.zip/pyspark/sql/streaming/query.py", line 221, in awaitTermination
  File "/home/macht/Dev/HCMUS/Streaming/.venv/lib/python3.12/site-packages/pyspark/python/lib/py4j-0.10.9.7-src.zip/py4j/java_gateway.py", line 1322, in __call__
  File "/home/macht/Dev/HCMUS/Streaming/.venv/lib/python3.12/site-packages/pyspark/python/lib/pyspark.zip/pyspark/errors/exceptions/captured.py", line 179, in deco
  File "/home/macht/Dev/HCMUS/Streaming/.venv/lib/python3.12/site-packages/pyspark/python/lib/py4j-0.10.9.7-src.zip/py4j/protocol.py", line 334, in get_return_value
py4j.protocol.Py4JError: An error occurred while calling o68.awaitTermination
Spark streaming job was stopped by user after verification completed.
