Terminal 2 pipeline demo
Log file: outputs/demo_logs/terminal_2_pipeline_20260705_123355.log
Keep Terminal 1 Spark streaming active through Step 10.

Step 1/12: Check infrastructure, topics, and Neo4j connector
Docker containers:
NAMES               STATUS                        PORTS
cpg-kafka-connect   Up About a minute (healthy)   0.0.0.0:8083->8083/tcp, [::]:8083->8083/tcp, 9092/tcp
cpg-mongo-express   Up About a minute             0.0.0.0:8081->8081/tcp, [::]:8081->8081/tcp
cpg-kafka           Up About a minute             0.0.0.0:9092->9092/tcp, [::]:9092->9092/tcp, 0.0.0.0:29092->29092/tcp, [::]:29092->29092/tcp
cpg-mongodb         Up About a minute             0.0.0.0:27017->27017/tcp, [::]:27017->27017/tcp
cpg-zookeeper       Up About a minute             2888/tcp, 0.0.0.0:2181->2181/tcp, [::]:2181->2181/tcp, 3888/tcp
cpg-neo4j           Up About a minute             0.0.0.0:7474->7474/tcp, [::]:7474->7474/tcp, 7473/tcp, 0.0.0.0:7687->7687/tcp, [::]:7687->7687/tcp

Kafka topics:
__consumer_offsets
connect-configs
connect-offsets
connect-statuses
cpg.edges.v1
cpg.errors.v1
cpg.metadata.v1
cpg.nodes.v1

Kafka Connect connectors:
["neo4j-cpg-sink"]

Neo4j connector status:
{"name":"neo4j-cpg-sink","connector":{"state":"RUNNING","worker_id":"kafka-connect:8083"},"tasks":[{"id":0,"state":"RUNNING","worker_id":"kafka-connect:8083"}],"type":"sink"}

Step 2/12: Clone repository and prepare the baseline replay probe
[07/05/26 12:33:56] INFO     Repository path already exists; skipping
                             clone: data/raw/accelerate              
[07/05/26 12:33:57] INFO     Replay target:                          
                             src/accelerate/_lab_replay_probe.py     
                    INFO     Before hash:                            
                             1ebfb627a9d4021a10ddd74fb9f317d9e98c620f
                             f9cdc7a9123fda2b06dba523                
                    INFO     After hash:                             
                             1ebfb627a9d4021a10ddd74fb9f317d9e98c620f
                             f9cdc7a9123fda2b06dba523                
                    INFO     Modified: False                         
                    INFO     Events: nodes=10 edges=18               
                             metadata_id=59f203db77b71174cb16b9dba979
                             e76280d162b3718b611ee05a2ef28bc561ea    
                    INFO     Dry-run complete; no Neo4j cleanup or   
                             Kafka publish performed.                

Step 3/12: Discover Python files including the baseline probe
[07/05/26 12:33:57] INFO     Discovered 99 Python files              
                    INFO       benchmarks/big_model_inference/big_mod
                             el_inference.py                         
                    INFO       benchmarks/big_model_inference/measure
                             s_util.py                               
                    INFO       benchmarks/fp8/ms_amp/ddp.py          
                    INFO       benchmarks/fp8/ms_amp/distrib_deepspee
                             d.py                                    
                    INFO       benchmarks/fp8/ms_amp/fp8_utils.py    
                    INFO       benchmarks/fp8/ms_amp/non_distributed.
                             py                                      
                    INFO       benchmarks/fp8/torchao/ddp.py         
                    INFO       benchmarks/fp8/torchao/distrib_deepspe
                             ed.py                                   
                    INFO       benchmarks/fp8/torchao/fp8_utils.py   
                    INFO       benchmarks/fp8/torchao/fsdp.py        
                    INFO     Saved manifest to                       
                             data/processed/discovered_files.json    

Step 4/12: Dry-run the small replay probe
[07/05/26 12:33:57] INFO     Parsed                                  
                             src/accelerate/_lab_replay_probe.py:    
                             nodes=10 edges=18 metadata=1 (dry-run)  
                    INFO     Finished: successful=1 failed=0         

Step 5/12: Parse all files and publish baseline events
[07/05/26 12:33:57] INFO     Parsed                                  
                             benchmarks/big_model_inference/big_model
                             _inference.py: nodes=877 edges=1849     
                             metadata=1                              
                    INFO     Parsed                                  
                             benchmarks/big_model_inference/measures_
                             util.py: nodes=547 edges=1135 metadata=1
                    INFO     Parsed benchmarks/fp8/ms_amp/ddp.py:    
                             nodes=722 edges=1539 metadata=1         
                    INFO     Parsed                                  
                             benchmarks/fp8/ms_amp/distrib_deepspeed.
                             py: nodes=802 edges=1703 metadata=1     
                    INFO     Parsed                                  
                             benchmarks/fp8/ms_amp/fp8_utils.py:     
                             nodes=436 edges=905 metadata=1          
                    INFO     Parsed                                  
                             benchmarks/fp8/ms_amp/non_distributed.py
                             : nodes=635 edges=1353 metadata=1       
                    INFO     Parsed benchmarks/fp8/torchao/ddp.py:   
                             nodes=891 edges=1890 metadata=1         
                    INFO     Parsed                                  
                             benchmarks/fp8/torchao/distrib_deepspeed
                             .py: nodes=1045 edges=2211 metadata=1   
                    INFO     Parsed                                  
                             benchmarks/fp8/torchao/fp8_utils.py:    
                             nodes=424 edges=881 metadata=1          
                    INFO     Parsed benchmarks/fp8/torchao/fsdp.py:  
                             nodes=933 edges=1973 metadata=1         
                    INFO     Parsed                                  
                             benchmarks/fp8/torchao/non_distributed.p
                             y: nodes=817 edges=1729 metadata=1      
[07/05/26 12:33:58] INFO     Parsed                                  
                             benchmarks/fp8/transformer_engine/ddp.py
                             : nodes=798 edges=1697 metadata=1       
                    INFO     Parsed                                  
                             benchmarks/fp8/transformer_engine/distri
                             b_deepspeed.py: nodes=1000 edges=2120   
                             metadata=1                              
                    INFO     Parsed                                  
                             benchmarks/fp8/transformer_engine/fp8_ut
                             ils.py: nodes=422 edges=877 metadata=1  
                    INFO     Parsed                                  
                             benchmarks/fp8/transformer_engine/fsdp.p
                             y: nodes=842 edges=1784 metadata=1      
                    INFO     Parsed                                  
                             benchmarks/fp8/transformer_engine/non_di
                             stributed.py: nodes=718 edges=1526      
                             metadata=1                              
                    INFO     Parsed benchmarks/fsdp2/main.py:        
                             nodes=457 edges=946 metadata=1          
                    INFO     Parsed                                  
                             benchmarks/fsdp2/measure_utils.py:      
                             nodes=574 edges=1153 metadata=1         
                    INFO     Parsed benchmarks/fsdp2/utils.py:       
                             nodes=1239 edges=2597 metadata=1        
                    INFO     Parsed benchmarks/fsdp2/visualize.py:   
                             nodes=686 edges=1442 metadata=1         
                    INFO     Parsed                                  
                             benchmarks/torch.compile/regional_compil
                             ation.py: nodes=327 edges=699 metadata=1
                    INFO     Parsed                                  
                             manim_animations/big_model_inference/sta
                             ge_1.py: nodes=720 edges=1497 metadata=1
                    INFO     Parsed                                  
                             manim_animations/big_model_inference/sta
                             ge_2.py: nodes=873 edges=1818 metadata=1
                    INFO     Parsed                                  
                             manim_animations/big_model_inference/sta
                             ge_3.py: nodes=1149 edges=2398          
                             metadata=1                              
                    INFO     Parsed                                  
                             manim_animations/big_model_inference/sta
                             ge_4.py: nodes=1147 edges=2393          
                             metadata=1                              
                    INFO     Parsed                                  
                             manim_animations/big_model_inference/sta
                             ge_5.py: nodes=1549 edges=3252          
                             metadata=1                              
                    INFO     Parsed                                  
                             manim_animations/dataloaders/stage_0.py:
                             nodes=81 edges=165 metadata=1           
                    INFO     Parsed                                  
                             manim_animations/dataloaders/stage_1.py:
                             nodes=81 edges=165 metadata=1           
                    INFO     Parsed                                  
                             manim_animations/dataloaders/stage_2.py:
                             nodes=1050 edges=2170 metadata=1        
                    INFO     Parsed                                  
                             manim_animations/dataloaders/stage_3.py:
                             nodes=108 edges=220 metadata=1          
                    INFO     Parsed                                  
                             manim_animations/dataloaders/stage_4.py:
                             nodes=167 edges=340 metadata=1          
                    INFO     Parsed                                  
                             manim_animations/dataloaders/stage_5.py:
                             nodes=1448 edges=3004 metadata=1        
                    INFO     Parsed                                  
                             manim_animations/dataloaders/stage_6.py:
                             nodes=1385 edges=2871 metadata=1        
                    INFO     Parsed                                  
                             manim_animations/dataloaders/stage_7.py:
                             nodes=1332 edges=2762 metadata=1        
                    INFO     Parsed src/accelerate/__init__.py:      
                             nodes=48 edges=94 metadata=1            
                    INFO     Parsed                                  
                             src/accelerate/_lab_replay_probe.py:    
                             nodes=10 edges=18 metadata=1            
[07/05/26 12:33:59] INFO     Parsed src/accelerate/accelerator.py:   
                             nodes=15837 edges=32872 metadata=1      
                    INFO     Parsed src/accelerate/big_modeling.py:  
                             nodes=2783 edges=5707 metadata=1        
                    INFO     Parsed src/accelerate/checkpointing.py: 
                             nodes=1648 edges=3450 metadata=1        
                    INFO     Parsed                                  
                             src/accelerate/commands/__init__.py:    
                             nodes=1 edges=0 metadata=1              
                    INFO     Parsed                                  
                             src/accelerate/commands/accelerate_cli.p
                             y: nodes=144 edges=301 metadata=1       
                    INFO     Parsed                                  
                             src/accelerate/commands/config/__init__.
                             py: nodes=127 edges=265 metadata=1      
[07/05/26 12:34:00] INFO     Parsed                                  
                             src/accelerate/commands/config/cluster.p
                             y: nodes=2990 edges=6204 metadata=1     
                    INFO     Parsed                                  
                             src/accelerate/commands/config/config.py
                             : nodes=239 edges=495 metadata=1        
                    INFO     Parsed                                  
                             src/accelerate/commands/config/config_ar
                             gs.py: nodes=1430 edges=2922 metadata=1 
                    INFO     Parsed                                  
                             src/accelerate/commands/config/config_ut
                             ils.py: nodes=359 edges=741 metadata=1  
                    INFO     Parsed                                  
                             src/accelerate/commands/config/default.p
                             y: nodes=660 edges=1390 metadata=1      
                    INFO     Parsed                                  
                             src/accelerate/commands/config/sagemaker
                             .py: nodes=812 edges=1674 metadata=1    
                    INFO     Parsed                                  
                             src/accelerate/commands/config/update.py
                             : nodes=166 edges=347 metadata=1        
                    INFO     Parsed src/accelerate/commands/env.py:  
                             nodes=605 edges=1252 metadata=1         
                    INFO     Parsed                                  
                             src/accelerate/commands/estimate.py:    
                             nodes=1493 edges=3114 metadata=1        
                    INFO     Parsed                                  
                             src/accelerate/commands/launch.py:      
                             nodes=5041 edges=10658 metadata=1       
                    INFO     Parsed                                  
                             src/accelerate/commands/menu/__init__.py
                             : nodes=3 edges=4 metadata=1            
                    INFO     Parsed                                  
                             src/accelerate/commands/menu/cursor.py: 
                             nodes=262 edges=534 metadata=1          
                    INFO     Parsed                                  
                             src/accelerate/commands/menu/helpers.py:
                             nodes=162 edges=332 metadata=1          
                    INFO     Parsed                                  
                             src/accelerate/commands/menu/input.py:  
                             nodes=267 edges=550 metadata=1          
                    INFO     Parsed                                  
                             src/accelerate/commands/menu/keymap.py: 
                             nodes=641 edges=1356 metadata=1         
                    INFO     Parsed                                  
                             src/accelerate/commands/menu/selection_m
                             enu.py: nodes=726 edges=1473 metadata=1 
                    INFO     Parsed src/accelerate/commands/merge.py:
                             nodes=165 edges=341 metadata=1          
                    INFO     Parsed src/accelerate/commands/test.py: 
                             nodes=170 edges=351 metadata=1          
                    INFO     Parsed                                  
                             src/accelerate/commands/to_fsdp2.py:    
                             nodes=621 edges=1292 metadata=1         
                    INFO     Parsed src/accelerate/commands/tpu.py:  
                             nodes=595 edges=1218 metadata=1         
                    INFO     Parsed src/accelerate/commands/utils.py:
                             nodes=466 edges=963 metadata=1          
[07/05/26 12:34:01] INFO     Parsed src/accelerate/data_loader.py:   
                             nodes=5965 edges=12286 metadata=1       
                    INFO     Parsed src/accelerate/hooks.py:         
                             nodes=3209 edges=6665 metadata=1        
                    INFO     Parsed src/accelerate/inference.py:     
                             nodes=760 edges=1582 metadata=1         
                    INFO     Parsed src/accelerate/launchers.py:     
                             nodes=949 edges=1935 metadata=1         
                    INFO     Parsed src/accelerate/local_sgd.py:     
                             nodes=288 edges=580 metadata=1          
                    INFO     Parsed src/accelerate/logging.py:       
                             nodes=360 edges=753 metadata=1          
                    INFO     Parsed src/accelerate/memory_utils.py:  
                             nodes=12 edges=22 metadata=1            
                    INFO     Parsed src/accelerate/optimizer.py:     
                             nodes=998 edges=2026 metadata=1         
                    INFO     Parsed                                  
                             src/accelerate/parallelism_config.py:   
                             nodes=1796 edges=3627 metadata=1        
                    INFO     Parsed src/accelerate/scheduler.py:     
                             nodes=310 edges=629 metadata=1          
[07/05/26 12:34:02] INFO     Parsed src/accelerate/state.py:         
                             nodes=4968 edges=10070 metadata=1       
                    INFO     Parsed src/accelerate/tracking.py:      
                             nodes=4238 edges=8717 metadata=1        
                    INFO     Parsed src/accelerate/utils/__init__.py:
                             nodes=300 edges=598 metadata=1          
                    INFO     Parsed src/accelerate/utils/ao.py:      
                             nodes=307 edges=632 metadata=1          
                    INFO     Parsed src/accelerate/utils/bnb.py:     
                             nodes=1974 edges=4138 metadata=1        
                    INFO     Parsed                                  
                             src/accelerate/utils/constants.py:      
                             nodes=338 edges=679 metadata=1          
[07/05/26 12:34:03] INFO     Parsed                                  
                             src/accelerate/utils/dataclasses.py:    
                             nodes=13574 edges=27527 metadata=1      
                    INFO     Parsed                                  
                             src/accelerate/utils/deepspeed.py:      
                             nodes=1129 edges=2312 metadata=1        
[07/05/26 12:34:04] INFO     Parsed                                  
                             src/accelerate/utils/environment.py:    
                             nodes=1757 edges=3640 metadata=1        
                    INFO     Parsed                                  
                             src/accelerate/utils/fsdp_utils.py:     
                             nodes=4485 edges=9364 metadata=1        
                    INFO     Parsed src/accelerate/utils/imports.py: 
                             nodes=1655 edges=3386 metadata=1        
                    INFO     Parsed src/accelerate/utils/launch.py:  
                             nodes=5272 edges=10912 metadata=1       
[07/05/26 12:34:05] INFO     Parsed                                  
                             src/accelerate/utils/megatron_lm.py:    
                             nodes=6319 edges=13208 metadata=1       
                    INFO     Parsed src/accelerate/utils/memory.py:  
                             nodes=479 edges=974 metadata=1          
[07/05/26 12:34:06] INFO     Parsed src/accelerate/utils/modeling.py:
                             nodes=11772 edges=24763 metadata=1      
                    INFO     Parsed src/accelerate/utils/offload.py: 
                             nodes=1075 edges=2223 metadata=1        
                    INFO     Parsed                                  
                             src/accelerate/utils/operations.py:     
                             nodes=4034 edges=8399 metadata=1        
[07/05/26 12:34:07] INFO     Parsed src/accelerate/utils/other.py:   
                             nodes=1991 edges=4141 metadata=1        
                    INFO     Parsed src/accelerate/utils/random.py:  
                             nodes=928 edges=1897 metadata=1         
                    INFO     Parsed src/accelerate/utils/rich.py:    
                             nodes=20 edges=38 metadata=1            
                    INFO     Parsed                                  
                             src/accelerate/utils/torch_xla.py:      
                             nodes=129 edges=263 metadata=1          
                    INFO     Parsed src/accelerate/utils/tqdm.py:    
                             nodes=102 edges=204 metadata=1          
                    INFO     Parsed                                  
                             src/accelerate/utils/transformer_engine.
                             py: nodes=862 edges=1801 metadata=1     
                    INFO     Parsed src/accelerate/utils/versions.py:
                             nodes=137 edges=279 metadata=1          
                    INFO     Parsed utils/log_reports.py: nodes=877  
                             edges=1839 metadata=1                   
                    INFO     Parsed utils/stale.py: nodes=256        
                             edges=534 metadata=1                    
                    INFO     Finished: successful=99 failed=0        

Step 6/12: Wait for Spark and Kafka sinks

Step 7/12: Verify baseline MongoDB and Neo4j state
[07/05/26 12:34:22] INFO     MongoDB metadata documents: 99          
                    INFO     Duplicate metadata_id groups: 0         
                    INFO     Duplicate repo/file groups: 0           
                    INFO     Target metadata: {'event_time':         
                             '2026-07-05T05:33:58.572480Z',          
                             'file_path':                            
                             'src/accelerate/_lab_replay_probe.py',  
                             'metadata_id':                          
                             '59f203db77b71174cb16b9dba979e76280d162b
                             3718b611ee05a2ef28bc561ea', 'file_hash':
                             '1ebfb627a9d4021a10ddd74fb9f317d9e98c620
                             ff9cdc7a9123fda2b06dba523',             
                             'node_count': 10, 'edge_count': 18,     
                             'ingested_at': datetime.datetime(2026,  
                             7, 5, 5, 33, 59, 39000),                
                             'spark_batch_id': 1}                    
[07/05/26 12:34:26] INFO     Neo4j totals: nodes=263154 edges=626918 
                    INFO     Duplicate node IDs: 0                   
                    INFO     Duplicate edge IDs: 0                   
                    INFO     Unresolved placeholder nodes: 0         
[07/05/26 12:34:27] INFO     Target file                             
                             src/accelerate/_lab_replay_probe.py:    
                             nodes=14 edges=27                       
                    INFO     Sample edge: {'source_id':              
                             'a21303ccbe44bd9f195fb305132847c44d3ce30
                             6de9d1e643e643d08c9f06735',             
                             'source_type': 'FunctionDef', 'edge_id':
                             '48c203c4ee35ff771279dd28ab99c3c322bf6d6
                             fb7f64c790413519ae15457b3', 'edge_type':
                             'AST', 'target_id':                     
                             '3ae824950f95ebadd259eb6c27eaaa2278e64ac
                             8e6e376c504042e54b165557c',             
                             'target_type': 'arguments'}             
                    INFO     Sample edge: {'source_id':              
                             'a21303ccbe44bd9f195fb305132847c44d3ce30
                             6de9d1e643e643d08c9f06735',             
                             'source_type': 'FunctionDef', 'edge_id':
                             '5496daff3339a70be6999f6131c870e3d733a94
                             4e97c95bd13754f6b56375164', 'edge_type':
                             'CFG', 'target_id':                     
                             '4b4b2720d018bcf66e74a94b15e1b23c6639b9a
                             bde29fa150ca46c958613ee17',             
                             'target_type': 'arg'}                   
                    INFO     Sample edge: {'source_id':              
                             'a21303ccbe44bd9f195fb305132847c44d3ce30
                             6de9d1e643e643d08c9f06735',             
                             'source_type': 'FunctionDef', 'edge_id':
                             'bc7e0f261b86fad8352d333b2ceac82490aa1b9
                             6d493a3d6780eba3f39a11604', 'edge_type':
                             'AST', 'target_id':                     
                             '8396af18a24df24d9a330749da0cd6e84d2fe89
                             310a49dc3f4fc9fd99053c6ed',             
                             'target_type': 'Return'}                
                    INFO     Sample edge: {'source_id':              
                             '8396af18a24df24d9a330749da0cd6e84d2fe89
                             310a49dc3f4fc9fd99053c6ed',             
                             'source_type': 'Return', 'edge_id':     
                             'd28a8c0f27889d477004f24c78d958fa7f29553
                             033db894a49fc708d7f4ed407', 'edge_type':
                             'AST', 'target_id':                     
                             '9bb5f492af742690e304fdfa4874fe7295ed01f
                             9a88e683baf66a43d9dfa097a',             
                             'target_type': 'BinOp'}                 
                    INFO     Sample edge: {'source_id':              
                             '8396af18a24df24d9a330749da0cd6e84d2fe89
                             310a49dc3f4fc9fd99053c6ed',             
                             'source_type': 'Return', 'edge_id':     
                             '4839d6f47b5ad2685c234334b72b651563f1f2b
                             4864573ac59ea8ee3115f6dd8', 'edge_type':
                             'CFG', 'target_id':                     
                             '9bb5f492af742690e304fdfa4874fe7295ed01f
                             9a88e683baf66a43d9dfa097a',             
                             'target_type': 'BinOp'}                 

Step 8/12: Modify, clean, and replay only the controlled probe
[07/05/26 12:34:28] INFO     Replay target:                          
                             src/accelerate/_lab_replay_probe.py     
                    INFO     Before hash:                            
                             1ebfb627a9d4021a10ddd74fb9f317d9e98c620f
                             f9cdc7a9123fda2b06dba523                
                    INFO     After hash:                             
                             80731426ce3a3bec87cf61c7c01778c5034da283
                             613482e14c8af88d5740e0fd                
                    INFO     Modified: True                          
                    INFO     Events: nodes=14 edges=26               
                             metadata_id=59f203db77b71174cb16b9dba979
                             e76280d162b3718b611ee05a2ef28bc561ea    
                    INFO     Before replay: Neo4j={'node_count':     
                             263154, 'edge_count': 626918} MongoDB   
                             document count=99                       
                             metadata={'schema_version': '1.0',      
                             'event_time':                           
                             '2026-07-05T05:33:58.572480Z',          
                             'repo_name': 'accelerate', 'file_path': 
                             'src/accelerate/_lab_replay_probe.py',  
                             'metadata_id':                          
                             '59f203db77b71174cb16b9dba979e76280d162b
                             3718b611ee05a2ef28bc561ea', 'file_hash':
                             '1ebfb627a9d4021a10ddd74fb9f317d9e98c620
                             ff9cdc7a9123fda2b06dba523',             
                             'line_count': 2, 'function_count': 1,   
                             'class_count': 0, 'import_count': 0,    
                             'node_count': 10, 'edge_count': 18,     
                             'status': 'parsed', 'ingested_at':      
                             datetime.datetime(2026, 7, 5, 5, 33, 59,
                             39000), 'spark_batch_id': 1}            
                    INFO     Before replay target-file graph:        
                             {'node_count': 14, 'edge_count': 27}    
                    INFO     Replay protocol: file-scoped Neo4j      
                             cleanup before connector-backed         
                             replacement; this cleanup is not the    
                             main graph ingestion path.              
[07/05/26 12:34:29] INFO     Neo4j target-file cleanup deleted 14    
                             nodes                                   
                    INFO     Waiting 10.0 seconds for Neo4j and the  
                             running Spark job                       
[07/05/26 12:34:40] INFO     After replay: Neo4j={'node_count':      
                             263154, 'edge_count': 626917} MongoDB   
                             document count=99                       
                             metadata={'schema_version': '1.0',      
                             'event_time':                           
                             '2026-07-05T05:34:28.266108Z',          
                             'repo_name': 'accelerate', 'file_path': 
                             'src/accelerate/_lab_replay_probe.py',  
                             'metadata_id':                          
                             '59f203db77b71174cb16b9dba979e76280d162b
                             3718b611ee05a2ef28bc561ea', 'file_hash':
                             '80731426ce3a3bec87cf61c7c01778c5034da28
                             3613482e14c8af88d5740e0fd',             
                             'line_count': 6, 'function_count': 2,   
                             'class_count': 0, 'import_count': 0,    
                             'node_count': 14, 'edge_count': 26,     
                             'status': 'parsed', 'ingested_at':      
                             datetime.datetime(2026, 7, 5, 5, 34, 29,
                             174000), 'spark_batch_id': 9}           
                    INFO     Count delta: nodes=+0 edges=-1          
                             metadata_documents=+0                   
                    INFO     Duplicate count: metadata_id=0          
                             repo/file=0                             
                    INFO     Duplicate graph IDs: node_id=0 edge_id=0
                    INFO     After replay target-file graph:         
                             {'node_count': 14, 'edge_count': 26}    
                    INFO     Saved structured replay evidence to     
                             evidence/logs/identity_replay_verificati
                             on.log                                  
                    INFO     MongoDB metadata reflects the replayed  
                             file hash.                              

Step 9/12: Verify post-replay upsert and graph replacement
[07/05/26 12:34:40] INFO     MongoDB metadata documents: 99          
                    INFO     Duplicate metadata_id groups: 0         
                    INFO     Duplicate repo/file groups: 0           
                    INFO     Target metadata: {'event_time':         
                             '2026-07-05T05:34:28.266108Z',          
                             'file_path':                            
                             'src/accelerate/_lab_replay_probe.py',  
                             'metadata_id':                          
                             '59f203db77b71174cb16b9dba979e76280d162b
                             3718b611ee05a2ef28bc561ea', 'file_hash':
                             '80731426ce3a3bec87cf61c7c01778c5034da28
                             3613482e14c8af88d5740e0fd',             
                             'node_count': 14, 'edge_count': 26,     
                             'ingested_at': datetime.datetime(2026,  
                             7, 5, 5, 34, 29, 174000),               
                             'spark_batch_id': 9}                    
[07/05/26 12:34:42] INFO     Neo4j totals: nodes=263154 edges=626917 
                    INFO     Duplicate node IDs: 0                   
                    INFO     Duplicate edge IDs: 0                   
                    INFO     Unresolved placeholder nodes: 0         
[07/05/26 12:34:43] INFO     Target file                             
                             src/accelerate/_lab_replay_probe.py:    
                             nodes=14 edges=26                       
                    INFO     Sample edge: {'source_id':              
                             '3ae824950f95ebadd259eb6c27eaaa2278e64ac
                             8e6e376c504042e54b165557c',             
                             'source_type': 'arguments', 'edge_id':  
                             '21cb00635276ff4cbda969509f321dca82d2bc8
                             c00f6532ca85a7dca222e17ac', 'edge_type':
                             'CFG', 'target_id':                     
                             '6b5a6db6215270a6286d29c5afc7f0bc99c6a86
                             8181cfd77d6fc216ee29919fe',             
                             'target_type': 'Load'}                  
                    INFO     Sample edge: {'source_id':              
                             '3ae824950f95ebadd259eb6c27eaaa2278e64ac
                             8e6e376c504042e54b165557c',             
                             'source_type': 'arguments', 'edge_id':  
                             'fc107b28a653294e7c08558382c99be968d78ec
                             ecb333ddc9aaa67ed41f39eba', 'edge_type':
                             'AST', 'target_id':                     
                             '4b4b2720d018bcf66e74a94b15e1b23c6639b9a
                             bde29fa150ca46c958613ee17',             
                             'target_type': 'arg'}                   
                    INFO     Sample edge: {'source_id':              
                             '06c120f4deb63af01813cd7c8c3689019110a32
                             8308df1af2468e1c58561d10f',             
                             'source_type': 'Name', 'edge_id':       
                             '5c2ad4202f52fafb112c27ad5af056fd30345e6
                             184ff8c6a64542815b5f5d399', 'edge_type':
                             'AST', 'target_id':                     
                             '6b5a6db6215270a6286d29c5afc7f0bc99c6a86
                             8181cfd77d6fc216ee29919fe',             
                             'target_type': 'Load'}                  
                    INFO     Sample edge: {'source_id':              
                             '06c120f4deb63af01813cd7c8c3689019110a32
                             8308df1af2468e1c58561d10f',             
                             'source_type': 'Name', 'edge_id':       
                             '79404f7141ff4087b2e74adb94671d3a187251f
                             6be684570ae0b843b735c99b5', 'edge_type':
                             'CFG', 'target_id':                     
                             'a1da8e38d7ffd68cad95277eae7a1ca477eeb51
                             27d7fb42a22b97bfd5a8b3e25',             
                             'target_type': 'Constant'}              
                    INFO     Sample edge: {'source_id':              
                             '6b5a6db6215270a6286d29c5afc7f0bc99c6a86
                             8181cfd77d6fc216ee29919fe',             
                             'source_type': 'Load', 'edge_id':       
                             '43348e10a73570f4e2285b96001be9cf7fd7ed4
                             e05b618ebbf4b245e570baebd', 'edge_type':
                             'CFG', 'target_id':                     
                             '4f457d3f27a48e9e0c23a69df95cc8fd0fd91a1
                             ebacdd8755e248d5b367d287b',             
                             'target_type': 'Add'}                   

Step 10/12: Publish and inspect one controlled parser error
[07/05/26 12:34:43] ERROR    Failed to parse                         
                             src/accelerate/_lab_parser_error.py     
                             ╭─ Traceback (most recent call last) ──╮
                             │ /home/macht/Dev/HCMUS/Streaming/src/ │
                             │ parser_service/main.py:53 in         │
                             │ process_file                         │
                             │                                      │
                             │    50 │   """Build and optionally pu │
                             │    51 │   display_path = _display_pa │
                             │    52 │   try:                       │
                             │ ❱  53 │   │   nodes, edges, metadata │
                             │       file_path)                     │
                             │    54 │   │   if not dry_run:        │
                             │    55 │   │   │   assert producer is │
                             │    56 │   │   │   for event in nodes │
                             │                                      │
                             │ /home/macht/Dev/HCMUS/Streaming/src/ │
                             │ parser_service/event_builder.py:35   │
                             │ in build_events_for_file             │
                             │                                      │
                             │   32 ) -> tuple[list[NodeEvent], lis │
                             │   33 │   """Parse one file and const │
                             │   34 │   absolute, relative = _relat │
                             │ ❱ 35 │   nodes, ast_edges, metadata  │
                             │   36 │   cpg_edges = build_cpg_edges │
                             │   37 │   digest = file_sha256(absolu │
                             │   38 │   event_time = _event_time()  │
                             │                                      │
                             │ /home/macht/Dev/HCMUS/Streaming/src/ │
                             │ parser_service/ast_parser.py:93 in   │
                             │ parse_python_file                    │
                             │                                      │
                             │    90 │   """Parse one Python file a │
                             │    91 │   absolute, relative = _rela │
                             │    92 │   source = absolute.read_tex │
                             │ ❱  93 │   tree = ast.parse(source, f │
                             │    94 │   nodes_by_id: dict[str, Par │
                             │    95 │   ids_by_path: dict[str, str │
                             │    96 │   edges: set[tuple[str, str] │
                             │                                      │
                             │ /home/macht/.local/share/uv/python/c │
                             │ python-3.12.13-linux-x86_64-gnu/lib/ │
                             │ python3.12/ast.py:52 in parse        │
                             │                                      │
                             │     49 │   │   │   raise ValueError( │
                             │     50 │   │   feature_version = min │
                             │     51 │   # Else it should be an in │
                             │ ❱   52 │   return compile(source, fi │
                             │     53 │   │   │   │      _feature_v │
                             │     54                               │
                             │     55                               │
                             ╰──────────────────────────────────────╯
                             ╭──────────────────────────────────────╮
                             │ def broken_func(                     │
                             │                ▲                     │
                             ╰──────────────────────────────────────╯
                             SyntaxError: '(' was never closed       
[07/05/26 12:34:44] INFO     Published controlled parser error for   
                             src/accelerate/_lab_parser_error.py     
{"schema_version":"1.0","event_time":"2026-07-05T05:34:43.384711Z","repo_name":"accelerate","file_path":"src/accelerate/_lab_parser_error.py","error_type":"SyntaxError","error_message":"'(' was never closed (_lab_parser_error.py, line 1)","status":"failed"}
Processed a total of 1 messages

Step 11/12: Restore the probe source for the next demo
[07/05/26 12:34:49] INFO     Replay target:                          
                             src/accelerate/_lab_replay_probe.py     
                    INFO     Before hash:                            
                             80731426ce3a3bec87cf61c7c01778c5034da283
                             613482e14c8af88d5740e0fd                
                    INFO     After hash:                             
                             1ebfb627a9d4021a10ddd74fb9f317d9e98c620f
                             f9cdc7a9123fda2b06dba523                
                    INFO     Modified: True                          
                    INFO     Events: nodes=10 edges=18               
                             metadata_id=59f203db77b71174cb16b9dba979
                             e76280d162b3718b611ee05a2ef28bc561ea    
                    INFO     Dry-run complete; no Neo4j cleanup or   
                             Kafka publish performed.                

Step 12/12: Preserve selected evidence
Tracked evidence copy: evidence/logs/terminal_2_pipeline_latest.log
Pipeline demo complete. You may now stop Spark in Terminal 1 with Ctrl+C.
